<?xml version="1.0" encoding="UTF-8"?>
<!-- Generated by org.testng.reporters.JUnitXMLReporter -->
<testsuite hostname="LAPTOP-61ICLSF1" ignored="0" name="Default test" tests="2" failures="0" timestamp="29 Dec 2019 16:58:21 GMT" time="59.856" errors="0">
  <testcase name="execute" time="5.369" classname="org.automation.testingworld.testcases.TC_001_Validate_Login"/>
  <testcase name="execute" time="4.486" classname="org.automation.testingworld.testcases.TC_001_Validate_Login"/>
</testsuite> <!-- Default test -->
