<?xml version="1.0" encoding="UTF-8"?>
<testng-results skipped="0" failed="0" ignored="6" total="10" passed="4">
  <reporter-output>
  </reporter-output>
  <suite name="QuickHire Suite" duration-ms="136306" started-at="2020-11-17T05:47:37Z" finished-at="2020-11-17T05:49:53Z">
    <groups>
    </groups>
    <test name="QuickHire Test2" duration-ms="136306" started-at="2020-11-17T05:47:37Z" finished-at="2020-11-17T05:49:53Z">
      <class name="org.automation.testcases.TC_005_Validate_fields_Add_New_Hire">
        <test-method status="PASS" signature="initiateDriverInstance()[pri:0, instance:org.automation.testcases.TC_005_Validate_fields_Add_New_Hire@553f17c]" name="initiateDriverInstance" is-config="true" duration-ms="12473" started-at="2020-11-17T05:49:27Z" finished-at="2020-11-17T05:49:40Z">
          <reporter-output>
          </reporter-output>
        </test-method> <!-- initiateDriverInstance -->
        <test-method status="PASS" signature="validateFields()[pri:0, instance:org.automation.testcases.TC_005_Validate_fields_Add_New_Hire@553f17c]" name="validateFields" duration-ms="12640" started-at="2020-11-17T05:49:40Z" finished-at="2020-11-17T05:49:53Z">
          <reporter-output>
          </reporter-output>
        </test-method> <!-- validateFields -->
        <test-method status="PASS" signature="tearDown(org.testng.ITestResult)[pri:0, instance:org.automation.testcases.TC_005_Validate_fields_Add_New_Hire@553f17c]" name="tearDown" is-config="true" duration-ms="346" started-at="2020-11-17T05:49:53Z" finished-at="2020-11-17T05:49:53Z">
          <params>
            <param index="0">
              <value>
                <![CDATA[[TestResult name=validateFields status=SUCCESS method=TC_005_Validate_fields_Add_New_Hire.validateFields()[pri:0, instance:org.automation.testcases.TC_005_Validate_fields_Add_New_Hire@553f17c] output={null}]]]>
              </value>
            </param>
          </params>
          <reporter-output>
          </reporter-output>
        </test-method> <!-- tearDown -->
      </class> <!-- org.automation.testcases.TC_005_Validate_fields_Add_New_Hire -->
      <class name="org.automation.testcases.TC_003_Validate_filters_displayed_on_new_hire_list">
        <test-method status="PASS" signature="initiateDriverInstance()[pri:0, instance:org.automation.testcases.TC_003_Validate_filters_displayed_on_new_hire_list@14bf9759]" name="initiateDriverInstance" is-config="true" duration-ms="12757" started-at="2020-11-17T05:48:51Z" finished-at="2020-11-17T05:49:03Z">
          <reporter-output>
          </reporter-output>
        </test-method> <!-- initiateDriverInstance -->
        <test-method status="PASS" signature="FiltersDisplay()[pri:0, instance:org.automation.testcases.TC_003_Validate_filters_displayed_on_new_hire_list@14bf9759]" name="FiltersDisplay" duration-ms="2315" started-at="2020-11-17T05:49:03Z" finished-at="2020-11-17T05:49:06Z">
          <reporter-output>
          </reporter-output>
        </test-method> <!-- FiltersDisplay -->
        <test-method status="PASS" signature="tearDown(org.testng.ITestResult)[pri:0, instance:org.automation.testcases.TC_003_Validate_filters_displayed_on_new_hire_list@14bf9759]" name="tearDown" is-config="true" duration-ms="374" started-at="2020-11-17T05:49:06Z" finished-at="2020-11-17T05:49:06Z">
          <params>
            <param index="0">
              <value>
                <![CDATA[[TestResult name=FiltersDisplay status=SUCCESS method=TC_003_Validate_filters_displayed_on_new_hire_list.FiltersDisplay()[pri:0, instance:org.automation.testcases.TC_003_Validate_filters_displayed_on_new_hire_list@14bf9759] output={null}]]]>
              </value>
            </param>
          </params>
          <reporter-output>
          </reporter-output>
        </test-method> <!-- tearDown -->
      </class> <!-- org.automation.testcases.TC_003_Validate_filters_displayed_on_new_hire_list -->
      <class name="org.automation.testcases.TC_002_Validate_Creating_New_Hire_Altres">
        <test-method status="PASS" signature="setUp()[pri:0, instance:org.automation.testcases.TC_002_Validate_Creating_New_Hire_Altres@3c0ecd4b]" name="setUp" is-config="true" duration-ms="138" started-at="2020-11-17T05:47:36Z" finished-at="2020-11-17T05:47:37Z">
          <reporter-output>
          </reporter-output>
        </test-method> <!-- setUp -->
        <test-method status="PASS" signature="initiateDriverInstance()[pri:0, instance:org.automation.testcases.TC_002_Validate_Creating_New_Hire_Altres@3c0ecd4b]" name="initiateDriverInstance" is-config="true" duration-ms="13244" started-at="2020-11-17T05:47:37Z" finished-at="2020-11-17T05:47:50Z">
          <reporter-output>
          </reporter-output>
        </test-method> <!-- initiateDriverInstance -->
        <test-method status="PASS" signature="setCustomConfig()[pri:0, instance:org.automation.testcases.TC_002_Validate_Creating_New_Hire_Altres@3c0ecd4b]" name="setCustomConfig" duration-ms="60326" started-at="2020-11-17T05:47:50Z" finished-at="2020-11-17T05:48:50Z">
          <reporter-output>
          </reporter-output>
        </test-method> <!-- setCustomConfig -->
        <test-method status="PASS" signature="tearDown(org.testng.ITestResult)[pri:0, instance:org.automation.testcases.TC_002_Validate_Creating_New_Hire_Altres@3c0ecd4b]" name="tearDown" is-config="true" duration-ms="415" started-at="2020-11-17T05:48:50Z" finished-at="2020-11-17T05:48:51Z">
          <params>
            <param index="0">
              <value>
                <![CDATA[[TestResult name=setCustomConfig status=SUCCESS method=TC_002_Validate_Creating_New_Hire_Altres.setCustomConfig()[pri:0, instance:org.automation.testcases.TC_002_Validate_Creating_New_Hire_Altres@3c0ecd4b] output={null}]]]>
              </value>
            </param>
          </params>
          <reporter-output>
          </reporter-output>
        </test-method> <!-- tearDown -->
        <test-method status="PASS" signature="endReport()[pri:0, instance:org.automation.testcases.TC_002_Validate_Creating_New_Hire_Altres@3c0ecd4b]" name="endReport" is-config="true" duration-ms="223" started-at="2020-11-17T05:49:53Z" finished-at="2020-11-17T05:49:53Z">
          <reporter-output>
          </reporter-output>
        </test-method> <!-- endReport -->
      </class> <!-- org.automation.testcases.TC_002_Validate_Creating_New_Hire_Altres -->
      <class name="org.automation.testcases.TC_004_Validate_Select_Customer_when_no_customers_in_list">
        <test-method status="PASS" signature="initiateDriverInstance()[pri:0, instance:org.automation.testcases.TC_004_Validate_Select_Customer_when_no_customers_in_list@5f341870]" name="initiateDriverInstance" is-config="true" duration-ms="12624" started-at="2020-11-17T05:49:06Z" finished-at="2020-11-17T05:49:19Z">
          <reporter-output>
          </reporter-output>
        </test-method> <!-- initiateDriverInstance -->
        <test-method status="PASS" signature="validateSelectCustomerScreen()[pri:0, instance:org.automation.testcases.TC_004_Validate_Select_Customer_when_no_customers_in_list@5f341870]" name="validateSelectCustomerScreen" duration-ms="8398" started-at="2020-11-17T05:49:19Z" finished-at="2020-11-17T05:49:27Z">
          <reporter-output>
          </reporter-output>
        </test-method> <!-- validateSelectCustomerScreen -->
        <test-method status="PASS" signature="tearDown(org.testng.ITestResult)[pri:0, instance:org.automation.testcases.TC_004_Validate_Select_Customer_when_no_customers_in_list@5f341870]" name="tearDown" is-config="true" duration-ms="371" started-at="2020-11-17T05:49:27Z" finished-at="2020-11-17T05:49:27Z">
          <params>
            <param index="0">
              <value>
                <![CDATA[[TestResult name=validateSelectCustomerScreen status=SUCCESS method=TC_004_Validate_Select_Customer_when_no_customers_in_list.validateSelectCustomerScreen()[pri:0, instance:org.automation.testcases.TC_004_Validate_Select_Customer_when_no_customers_in_list@5f341870] output={null}]]]>
              </value>
            </param>
          </params>
          <reporter-output>
          </reporter-output>
        </test-method> <!-- tearDown -->
      </class> <!-- org.automation.testcases.TC_004_Validate_Select_Customer_when_no_customers_in_list -->
    </test> <!-- QuickHire Test2 -->
  </suite> <!-- QuickHire Suite -->
</testng-results>
