<?xml version="1.0" encoding="UTF-8"?>
<testng-results skipped="0" failed="1" ignored="2" total="4" passed="1">
  <reporter-output>
  </reporter-output>
  <suite name="QuickHire Suite" duration-ms="78523" started-at="2020-10-29T10:55:12Z" finished-at="2020-10-29T10:56:30Z">
    <groups>
    </groups>
    <test name="QuickHire Test2" duration-ms="78523" started-at="2020-10-29T10:55:12Z" finished-at="2020-10-29T10:56:30Z">
      <class name="org.automation.testcases.TC3">
        <test-method status="PASS" signature="initiateDriverInstance()[pri:0, instance:org.automation.testcases.TC3@57baeedf]" name="initiateDriverInstance" is-config="true" duration-ms="12475" started-at="2020-10-29T16:26:17Z" finished-at="2020-10-29T16:26:30Z">
          <reporter-output>
          </reporter-output>
        </test-method> <!-- initiateDriverInstance -->
        <test-method status="FAIL" signature="FirstTest()[pri:0, instance:org.automation.testcases.TC3@57baeedf]" name="FirstTest" duration-ms="1" started-at="2020-10-29T16:26:30Z" finished-at="2020-10-29T16:26:30Z">
          <exception class="java.lang.NullPointerException">
            <full-stacktrace>
              <![CDATA[java.lang.NullPointerException
	at org.automation.utility.Utility.fetchLocatorValue(Utility.java:25)
	at org.automation.testcases.TC3.FirstTest(TC3.java:18)
	at sun.reflect.NativeMethodAccessorImpl.invoke0(Native Method)
	at sun.reflect.NativeMethodAccessorImpl.invoke(Unknown Source)
	at sun.reflect.DelegatingMethodAccessorImpl.invoke(Unknown Source)
	at java.lang.reflect.Method.invoke(Unknown Source)
	at org.testng.internal.MethodInvocationHelper.invokeMethod(MethodInvocationHelper.java:108)
	at org.testng.internal.Invoker.invokeMethod(Invoker.java:669)
	at org.testng.internal.Invoker.invokeTestMethod(Invoker.java:877)
	at org.testng.internal.Invoker.invokeTestMethods(Invoker.java:1201)
	at org.testng.internal.TestMethodWorker.invokeTestMethods(TestMethodWorker.java:125)
	at org.testng.internal.TestMethodWorker.run(TestMethodWorker.java:109)
	at org.testng.TestRunner.privateRun(TestRunner.java:776)
	at org.testng.TestRunner.run(TestRunner.java:634)
	at org.testng.SuiteRunner.runTest(SuiteRunner.java:425)
	at org.testng.SuiteRunner.runSequentially(SuiteRunner.java:420)
	at org.testng.SuiteRunner.privateRun(SuiteRunner.java:385)
	at org.testng.SuiteRunner.run(SuiteRunner.java:334)
	at org.testng.SuiteRunnerWorker.runSuite(SuiteRunnerWorker.java:52)
	at org.testng.SuiteRunnerWorker.run(SuiteRunnerWorker.java:86)
	at org.testng.TestNG.runSuitesSequentially(TestNG.java:1318)
	at org.testng.TestNG.runSuitesLocally(TestNG.java:1243)
	at org.testng.TestNG.runSuites(TestNG.java:1161)
	at org.testng.TestNG.run(TestNG.java:1129)
	at org.testng.remote.AbstractRemoteTestNG.run(AbstractRemoteTestNG.java:114)
	at org.testng.remote.RemoteTestNG.initAndRun(RemoteTestNG.java:251)
	at org.testng.remote.RemoteTestNG.main(RemoteTestNG.java:77)
]]>
            </full-stacktrace>
          </exception> <!-- java.lang.NullPointerException -->
          <reporter-output>
          </reporter-output>
        </test-method> <!-- FirstTest -->
        <test-method status="PASS" signature="tearDown(org.testng.ITestResult)[pri:0, instance:org.automation.testcases.TC3@57baeedf]" name="tearDown" is-config="true" duration-ms="324" started-at="2020-10-29T16:26:30Z" finished-at="2020-10-29T16:26:30Z">
          <params>
            <param index="0">
              <value>
                <![CDATA[[TestResult name=FirstTest status=FAILURE method=TC3.FirstTest()[pri:0, instance:org.automation.testcases.TC3@57baeedf] output={null}]]]>
              </value>
            </param>
          </params>
          <reporter-output>
          </reporter-output>
        </test-method> <!-- tearDown -->
      </class> <!-- org.automation.testcases.TC3 -->
      <class name="org.automation.testcases.TC_002_Validate_Creating_New_Hire_Altres">
        <test-method status="PASS" signature="setUp()[pri:0, instance:org.automation.testcases.TC_002_Validate_Creating_New_Hire_Altres@42e26948]" name="setUp" is-config="true" duration-ms="105" started-at="2020-10-29T16:25:12Z" finished-at="2020-10-29T16:25:12Z">
          <reporter-output>
          </reporter-output>
        </test-method> <!-- setUp -->
        <test-method status="PASS" signature="initiateDriverInstance()[pri:0, instance:org.automation.testcases.TC_002_Validate_Creating_New_Hire_Altres@42e26948]" name="initiateDriverInstance" is-config="true" duration-ms="13549" started-at="2020-10-29T16:25:12Z" finished-at="2020-10-29T16:25:25Z">
          <reporter-output>
          </reporter-output>
        </test-method> <!-- initiateDriverInstance -->
        <test-method status="PASS" signature="setCustomConfig()[pri:0, instance:org.automation.testcases.TC_002_Validate_Creating_New_Hire_Altres@42e26948]" name="setCustomConfig" duration-ms="51774" started-at="2020-10-29T16:25:25Z" finished-at="2020-10-29T16:26:17Z">
          <reporter-output>
          </reporter-output>
        </test-method> <!-- setCustomConfig -->
        <test-method status="PASS" signature="tearDown(org.testng.ITestResult)[pri:0, instance:org.automation.testcases.TC_002_Validate_Creating_New_Hire_Altres@42e26948]" name="tearDown" is-config="true" duration-ms="387" started-at="2020-10-29T16:26:17Z" finished-at="2020-10-29T16:26:17Z">
          <params>
            <param index="0">
              <value>
                <![CDATA[[TestResult name=setCustomConfig status=SUCCESS method=TC_002_Validate_Creating_New_Hire_Altres.setCustomConfig()[pri:0, instance:org.automation.testcases.TC_002_Validate_Creating_New_Hire_Altres@42e26948] output={null}]]]>
              </value>
            </param>
          </params>
          <reporter-output>
          </reporter-output>
        </test-method> <!-- tearDown -->
        <test-method status="PASS" signature="endReport()[pri:0, instance:org.automation.testcases.TC_002_Validate_Creating_New_Hire_Altres@42e26948]" name="endReport" is-config="true" duration-ms="235" started-at="2020-10-29T16:26:30Z" finished-at="2020-10-29T16:26:30Z">
          <reporter-output>
          </reporter-output>
        </test-method> <!-- endReport -->
      </class> <!-- org.automation.testcases.TC_002_Validate_Creating_New_Hire_Altres -->
    </test> <!-- QuickHire Test2 -->
  </suite> <!-- QuickHire Suite -->
</testng-results>
