<?xml version="1.0" encoding="UTF-8"?>
<!-- Generated by org.testng.reporters.JUnitXMLReporter -->
<testsuite hostname="MUMSDALVI" ignored="6" name="QuickHire Test2" tests="4" failures="0" timestamp="22 Nov 2020 08:25:53 GMT" time="127.344" errors="0">
  <testcase name="setCustomConfig" time="51.462" classname="org.automation.testcases.TC_002_Validate_Creating_New_Hire_Altres"/>
  <testcase name="FiltersDisplay" time="2.555" classname="org.automation.testcases.TC_003_Validate_filters_displayed_on_new_hire_list"/>
  <testcase name="validateSelectCustomerScreen" time="7.747" classname="org.automation.testcases.TC_004_Validate_Select_Customer_when_no_customers_in_list"/>
  <testcase name="validateFields" time="12.506" classname="org.automation.testcases.TC_005_Validate_fields_Add_New_Hire"/>
  <testcase name="@AfterSuite endReport" time="0.0" classname="org.automation.base.BaseClass">
    <ignored/>
  </testcase> <!-- @AfterSuite endReport -->
  <testcase name="@AfterSuite endReport" time="0.0" classname="org.automation.base.BaseClass">
    <ignored/>
  </testcase> <!-- @AfterSuite endReport -->
  <testcase name="@AfterSuite endReport" time="0.0" classname="org.automation.base.BaseClass">
    <ignored/>
  </testcase> <!-- @AfterSuite endReport -->
  <testcase name="@BeforeSuite setUp" time="0.0" classname="org.automation.base.BaseClass">
    <ignored/>
  </testcase> <!-- @BeforeSuite setUp -->
  <testcase name="@BeforeSuite setUp" time="0.0" classname="org.automation.base.BaseClass">
    <ignored/>
  </testcase> <!-- @BeforeSuite setUp -->
  <testcase name="@BeforeSuite setUp" time="0.0" classname="org.automation.base.BaseClass">
    <ignored/>
  </testcase> <!-- @BeforeSuite setUp -->
</testsuite> <!-- QuickHire Test2 -->
